<?xml version="1.0" encoding="UTF-8"?>
<!-- Generated by org.testng.reporters.JUnitReportReporter -->
<testsuite hostname="CHETUIWK1648" failures="0" tests="4" name="com.tutorialninja.qa.testcases.RegisterTest" time="60.107" errors="0" timestamp="2025-03-21T16:26:15 IST" skipped="0">
  <testcase classname="com.tutorialninja.qa.testcases.RegisterTest" name="verifyRegisteringAnAccountWithMandatoryFields" time="14.755"/>
  <testcase classname="com.tutorialninja.qa.testcases.RegisterTest" name="verifyRegisteringAnAccountWithAllFields" time="17.145"/>
  <testcase classname="com.tutorialninja.qa.testcases.RegisterTest" name="verifyRegisteringAnAccountWithAnExistingEmail" time="14.322"/>
  <testcase classname="com.tutorialninja.qa.testcases.RegisterTest" name="verifyRegisteringAnAccountWithoutFillingAnyDetails" time="13.885"/>
</testsuite> <!-- com.tutorialninja.qa.testcases.RegisterTest -->
