<?xml version="1.0" encoding="UTF-8"?>
<!-- Generated by org.testng.reporters.JUnitReportReporter -->
<testsuite hostname="CHETUIWK1648" failures="0" tests="1" name="com.tutorialninja.qa.testcases.LoginTest" time="36.149" errors="0" timestamp="2025-04-03T15:53:22 IST" skipped="0">
  <testcase classname="com.tutorialninja.qa.testcases.LoginTest" name="verifyLoginWithInValidEmailandValidPassword" time="36.149"/>
</testsuite> <!-- com.tutorialninja.qa.testcases.LoginTest -->
