<?xml version="1.0" encoding="UTF-8"?>
<!-- Generated by org.testng.reporters.JUnitReportReporter -->
<testsuite hostname="CHETUIWK1648" failures="0" tests="3" name="com.tutorialninja.qa.testcases.SearchTest" time="59.386" errors="0" timestamp="2025-03-31T15:13:01 IST" skipped="0">
  <testcase classname="com.tutorialninja.qa.testcases.SearchTest" name="verifySearchwithValidProduct" time="22.661"/>
  <testcase classname="com.tutorialninja.qa.testcases.SearchTest" name="verifySearchWithInvalidProduct" time="16.865"/>
  <testcase classname="com.tutorialninja.qa.testcases.SearchTest" name="verifySearchWithOutAnyProduct" time="19.860"/>
</testsuite> <!-- com.tutorialninja.qa.testcases.SearchTest -->
