<?xml version="1.0" encoding="UTF-8"?>
<!-- Generated by org.testng.reporters.JUnitReportReporter -->
<testsuite hostname="CHETUIWK1648" failures="0" tests="3" name="com.tutorialninja.qa.testcases.SearchTest" time="45.020" errors="0" timestamp="2025-03-21T16:26:15 IST" skipped="0">
  <testcase classname="com.tutorialninja.qa.testcases.SearchTest" name="verifySearchwithValidProduct" time="13.421"/>
  <testcase classname="com.tutorialninja.qa.testcases.SearchTest" name="verifySearchWithInvalidProduct" time="17.740"/>
  <testcase classname="com.tutorialninja.qa.testcases.SearchTest" name="verifySearchWithOutAnyProduct" time="13.859"/>
</testsuite> <!-- com.tutorialninja.qa.testcases.SearchTest -->
