<?xml version="1.0" encoding="UTF-8"?>
<!-- Generated by org.testng.reporters.JUnitReportReporter -->
<testsuite hostname="CHETUIWK1648" failures="0" tests="4" name="com.tutorialninja.qa.testcases.RegisterTest" time="83.722" errors="0" timestamp="2025-03-31T15:13:01 IST" skipped="0">
  <testcase classname="com.tutorialninja.qa.testcases.RegisterTest" name="verifyRegisteringAnAccountWithMandatoryFields" time="21.094"/>
  <testcase classname="com.tutorialninja.qa.testcases.RegisterTest" name="verifyRegisteringAnAccountWithAllFields" time="19.987"/>
  <testcase classname="com.tutorialninja.qa.testcases.RegisterTest" name="verifyRegisteringAnAccountWithAnExistingEmail" time="23.575"/>
  <testcase classname="com.tutorialninja.qa.testcases.RegisterTest" name="verifyRegisteringAnAccountWithoutFillingAnyDetails" time="19.066"/>
</testsuite> <!-- com.tutorialninja.qa.testcases.RegisterTest -->
