<?xml version="1.0" encoding="UTF-8"?>
<!-- Generated by org.testng.reporters.JUnitReportReporter -->
<testsuite hostname="CHETUIWK1648" failures="0" tests="8" name="com.tutorialninja.qa.testcases.LoginTest" time="180.358" errors="0" timestamp="2025-03-31T15:13:01 IST" skipped="0">
  <testcase classname="com.tutorialninja.qa.testcases.LoginTest" name="verifyLoginWithValidCredentials" time="20.322"/>
  <testcase classname="com.tutorialninja.qa.testcases.LoginTest" name="verifyLoginWithValidCredentials" time="24.136"/>
  <testcase classname="com.tutorialninja.qa.testcases.LoginTest" name="verifyLoginWithValidCredentials" time="39.322"/>
  <testcase classname="com.tutorialninja.qa.testcases.LoginTest" name="verifyLoginWithInvalidCredentials" time="19.508"/>
  <testcase classname="com.tutorialninja.qa.testcases.LoginTest" name="verifyLoginWithInValidEmailandValidPassword" time="18.398"/>
  <testcase classname="com.tutorialninja.qa.testcases.LoginTest" name="VerifyLoginWithValidEmailandInvalidPassword" time="14.640"/>
  <testcase classname="com.tutorialninja.qa.testcases.LoginTest" name="VerifyLoginWithoutCredentials" time="23.644"/>
  <testcase classname="com.tutorialninja.qa.testcases.LoginTest" name="tableDataFetch" time="20.388"/>
</testsuite> <!-- com.tutorialninja.qa.testcases.LoginTest -->
