<?xml version="1.0" encoding="UTF-8"?>
<!-- Generated by org.testng.reporters.JUnitReportReporter -->
<testsuite hostname="CHETUIWK1648" failures="0" tests="1" name="com.tutorialninja.qa.testcases.LoginTest" time="22.959" errors="0" timestamp="2025-03-26T18:40:31 IST" skipped="0">
  <testcase classname="com.tutorialninja.qa.testcases.LoginTest" name="verifyLoginWithInValidEmailandValidPassword" time="22.959"/>
</testsuite> <!-- com.tutorialninja.qa.testcases.LoginTest -->
